<?xml version="1.0" encoding="UTF-8"?>
<!-- Generated by org.testng.reporters.JUnitXMLReporter -->
<testsuite ignored="0" hostname="PG01D3QX" failures="0" tests="3" name="EdgeTest" time="6.768" errors="0" timestamp="2026-01-26T19:50:15 IST">
  <testcase classname="com.mylearnings.testngdataproviders.ParamTest" name="testLogo" time="0.041"/>
  <testcase classname="com.mylearnings.testngdataproviders.ParamTest" name="testTitle" time="0.007"/>
  <testcase classname="com.mylearnings.testngdataproviders.ParamTest" name="testURL" time="0.009"/>
</testsuite> <!-- EdgeTest -->
