<?xml version="1.0" encoding="UTF-8"?>
<!-- Generated by org.testng.reporters.JUnitXMLReporter -->
<testsuite ignored="0" hostname="PG01D3QX" failures="1" tests="3" name="Test" time="7.17" errors="0" timestamp="2026-01-28T23:39:31 IST">
  <testcase classname="com.mylearnings.testngdataproviders.TestListener" name="testLogo" time="0.059"/>
  <testcase classname="com.mylearnings.testngdataproviders.TestListener" name="testURL" time="0.011">
    <failure type="java.lang.AssertionError" message="expected [https://www.saucessssssdemo.com/] but found [https://www.saucedemo.com/]">
      <![CDATA[java.lang.AssertionError: expected [https://www.saucessssssdemo.com/] but found [https://www.saucedemo.com/]
at com.mylearnings.testngdataproviders.TestListener.testURL(TestListener.java:37)
at java.base/java.util.ArrayList.forEach(ArrayList.java:1596)
... Removed 31 stack frames]]>
    </failure>
  </testcase> <!-- testURL -->
  <testcase classname="com.mylearnings.testngdataproviders.TestListener" name="testTitle" time="0.0">
    <skipped/>
  </testcase> <!-- testTitle -->
</testsuite> <!-- Test -->
