<?xml version="1.0" encoding="UTF-8"?>
<!-- Generated by org.testng.reporters.JUnitXMLReporter -->
<testsuite ignored="0" hostname="PG01D3QX" failures="0" tests="8" name="Test" time="0.093" errors="0" timestamp="2026-01-25T19:45:41 IST">
  <testcase classname="com.mylearnings.testngexamples.LoginTests" name="loginBygmail" time="0.01"/>
  <testcase classname="com.mylearnings.testngexamples.LoginTests" name="loginByFaceBook" time="0.001"/>
  <testcase classname="com.mylearnings.testngexamples.LoginTests" name="loginByTwitter" time="0.001"/>
  <testcase classname="com.mylearnings.testngexamples.SignUpTest" name="signUpBygmail" time="0.001"/>
  <testcase classname="com.mylearnings.testngexamples.SignUpTest" name="signUpByFaceBook" time="0.003"/>
  <testcase classname="com.mylearnings.testngexamples.SignUpTest" name="signUpByTwitter" time="0.002"/>
  <testcase classname="com.mylearnings.testngexamples.PaymentTests" name="paymentInRupees" time="0.001"/>
  <testcase classname="com.mylearnings.testngexamples.PaymentTests" name="paymentInDollar" time="0.002"/>
</testsuite> <!-- Test -->
