<?xml version="1.0" encoding="UTF-8"?>
<testng-results ignored="0" total="1" passed="1" failed="0" skipped="0">
  <reporter-output>
  </reporter-output>
  <suite started-at="2026-01-29T00:59:01 IST" name="Default suite" finished-at="2026-01-29T00:59:18 IST" duration-ms="16827">
    <groups>
    </groups>
    <test started-at="2026-01-29T00:59:01 IST" name="Default test" finished-at="2026-01-29T00:59:18 IST" duration-ms="16827">
      <class name="com.mylearnings.pom.LoginTest">
        <test-method is-config="true" signature="setup()[pri:0, instance:com.mylearnings.pom.LoginTest@1fa121e2]" started-at="2026-01-29T00:59:01 IST" name="setup" finished-at="2026-01-29T00:59:12 IST" duration-ms="10915" status="PASS">
          <reporter-output>
          </reporter-output>
        </test-method> <!-- setup -->
        <test-method signature="testLogin()[pri:0, instance:com.mylearnings.pom.LoginTest@1fa121e2]" started-at="2026-01-29T00:59:12 IST" name="testLogin" finished-at="2026-01-29T00:59:18 IST" duration-ms="5701" status="PASS">
          <reporter-output>
          </reporter-output>
        </test-method> <!-- testLogin -->
        <test-method is-config="true" signature="tearDown()[pri:0, instance:com.mylearnings.pom.LoginTest@1fa121e2]" started-at="2026-01-29T00:59:18 IST" name="tearDown" finished-at="2026-01-29T00:59:18 IST" duration-ms="166" status="PASS">
          <reporter-output>
          </reporter-output>
        </test-method> <!-- tearDown -->
      </class> <!-- com.mylearnings.pom.LoginTest -->
    </test> <!-- Default test -->
  </suite> <!-- Default suite -->
</testng-results>
