<?xml version="1.0" encoding="UTF-8"?>
<testng-results ignored="0" total="1" passed="1" failed="0" skipped="0">
  <reporter-output>
  </reporter-output>
  <suite started-at="2026-01-29T18:23:18 IST" name="Suite" finished-at="2026-01-29T18:23:32 IST" duration-ms="13531">
    <groups>
    </groups>
    <test started-at="2026-01-29T18:23:18 IST" name="Test" finished-at="2026-01-29T18:23:32 IST" duration-ms="13531">
      <class name="com.mylearnings.pom.LoginTest">
        <test-method is-config="true" signature="setup()[pri:0, instance:com.mylearnings.pom.LoginTest@6989da5e]" started-at="2026-01-29T18:23:18 IST" name="setup" finished-at="2026-01-29T18:23:29 IST" duration-ms="11068" status="PASS">
          <reporter-output>
          </reporter-output>
        </test-method> <!-- setup -->
        <test-method signature="testLogin()[pri:0, instance:com.mylearnings.pom.LoginTest@6989da5e]" started-at="2026-01-29T18:23:29 IST" name="testLogin" finished-at="2026-01-29T18:23:32 IST" duration-ms="2275" status="PASS">
          <reporter-output>
          </reporter-output>
        </test-method> <!-- testLogin -->
        <test-method is-config="true" signature="tearDown()[pri:0, instance:com.mylearnings.pom.LoginTest@6989da5e]" started-at="2026-01-29T18:23:32 IST" name="tearDown" finished-at="2026-01-29T18:23:32 IST" duration-ms="149" status="PASS">
          <reporter-output>
          </reporter-output>
        </test-method> <!-- tearDown -->
      </class> <!-- com.mylearnings.pom.LoginTest -->
    </test> <!-- Test -->
  </suite> <!-- Suite -->
</testng-results>
