<?xml version="1.0" encoding="UTF-8"?>
<!-- Generated by org.testng.reporters.JUnitReportReporter -->
<testsuite hostname="PG01D3QX" failures="0" tests="2" name="com.mylearnings.testngexamples.PaymentTests" time="0.003" errors="0" timestamp="2026-01-25T19:45:41 IST" skipped="0">
  <testcase classname="com.mylearnings.testngexamples.PaymentTests" name="paymentInRupees" time="0.001"/>
  <testcase classname="com.mylearnings.testngexamples.PaymentTests" name="paymentInDollar" time="0.002"/>
</testsuite> <!-- com.mylearnings.testngexamples.PaymentTests -->
