<?xml version="1.0" encoding="UTF-8"?>
<!-- Generated by org.testng.reporters.JUnitReportReporter -->
<testsuite hostname="PG01D3QX" failures="0" tests="4" name="com.mylearnings.testngexamples.LoginPage" time="33.588" errors="0" timestamp="2026-02-10T11:52:23 IST" skipped="0">
  <testcase classname="com.mylearnings.testngexamples.LoginPage" name="openApp" time="7.617"/>
  <testcase classname="com.mylearnings.testngexamples.LoginPage" name="login" time="0.963"/>
  <testcase classname="com.mylearnings.testngexamples.LoginPage" name="logoCheck" time="7.833"/>
  <testcase classname="com.mylearnings.testngexamples.LoginPage" name="logout" time="17.175"/>
</testsuite> <!-- com.mylearnings.testngexamples.LoginPage -->
