<?xml version="1.0" encoding="UTF-8"?>
<!-- Generated by org.testng.reporters.JUnitReportReporter -->
<testsuite hostname="PG01D3QX" failures="0" tests="3" name="com.mylearnings.testngexamples.SignUpTest" time="0.006" errors="0" timestamp="2026-01-25T19:45:41 IST" skipped="0">
  <testcase classname="com.mylearnings.testngexamples.SignUpTest" name="signUpBygmail" time="0.001"/>
  <testcase classname="com.mylearnings.testngexamples.SignUpTest" name="signUpByFaceBook" time="0.003"/>
  <testcase classname="com.mylearnings.testngexamples.SignUpTest" name="signUpByTwitter" time="0.002"/>
</testsuite> <!-- com.mylearnings.testngexamples.SignUpTest -->
