<?xml version="1.0" encoding="UTF-8"?>
<!-- Generated by org.testng.reporters.JUnitReportReporter -->
<testsuite hostname="PG01D3QX" failures="0" tests="5" name="com.mylearnings.testngexamples.PriorityExample" time="0.016" errors="0" timestamp="2026-04-09T08:50:17 IST" skipped="0">
  <testcase classname="com.mylearnings.testngexamples.PriorityExample" name="signUp" time="0.009"/>
  <testcase classname="com.mylearnings.testngexamples.PriorityExample" name="login" time="0.002"/>
  <testcase classname="com.mylearnings.testngexamples.PriorityExample" name="searchProduct" time="0.001"/>
  <testcase classname="com.mylearnings.testngexamples.PriorityExample" name="orderProduct" time="0.002"/>
  <testcase classname="com.mylearnings.testngexamples.PriorityExample" name="logOut" time="0.002"/>
</testsuite> <!-- com.mylearnings.testngexamples.PriorityExample -->
