<?xml version="1.0" encoding="UTF-8"?>
<!-- Generated by org.testng.reporters.JUnitReportReporter -->
<testsuite hostname="PG01D3QX" failures="0" tests="4" name="com.mylearnings.testngexamples.LoginPage" time="71.658" errors="0" timestamp="2026-01-24T22:31:45 IST" skipped="0">
  <testcase classname="com.mylearnings.testngexamples.LoginPage" name="openApp" time="55.233"/>
  <testcase classname="com.mylearnings.testngexamples.LoginPage" name="login" time="4.192"/>
  <testcase classname="com.mylearnings.testngexamples.LoginPage" name="logoCheck" time="6.511"/>
  <testcase classname="com.mylearnings.testngexamples.LoginPage" name="logout" time="5.722"/>
</testsuite> <!-- com.mylearnings.testngexamples.LoginPage -->
