<?xml version="1.0" encoding="UTF-8"?>
<!-- Generated by org.testng.reporters.JUnitReportReporter -->
<testsuite hostname="PG01D3QX" failures="0" tests="3" name="com.mylearnings.testngdataproviders.DataProviderDemo" time="3.826" errors="0" timestamp="2026-01-26T17:13:05 IST" skipped="0">
  <testcase classname="com.mylearnings.testngdataproviders.DataProviderDemo" name="testLogin" time="0.441"/>
  <testcase classname="com.mylearnings.testngdataproviders.DataProviderDemo" name="testLogin" time="2.945"/>
  <testcase classname="com.mylearnings.testngdataproviders.DataProviderDemo" name="testLogin" time="0.440"/>
</testsuite> <!-- com.mylearnings.testngdataproviders.DataProviderDemo -->
