<?xml version="1.0" encoding="UTF-8"?>
<!-- Generated by org.testng.reporters.JUnitReportReporter -->
<testsuite hostname="PG01D3QX" failures="0" tests="3" name="com.mylearnings.testngexamples.FirstTestCase" time="0.015" errors="0" timestamp="2026-01-21T23:57:17 IST" skipped="0">
  <testcase classname="com.mylearnings.testngexamples.FirstTestCase" name="openApp" time="0.013"/>
  <testcase classname="com.mylearnings.testngexamples.FirstTestCase" name="login" time="0.001"/>
  <testcase classname="com.mylearnings.testngexamples.FirstTestCase" name="logout" time="0.001"/>
</testsuite> <!-- com.mylearnings.testngexamples.FirstTestCase -->
