<?xml version="1.0" encoding="UTF-8"?>
<!-- Generated by org.testng.reporters.JUnitReportReporter -->
<testsuite hostname="PG01D3QX" failures="0" tests="3" name="com.mylearnings.testngdataproviders.ParamTest" time="0.067" errors="0" timestamp="2026-01-26T19:12:55 IST" skipped="0">
  <testcase classname="com.mylearnings.testngdataproviders.ParamTest" name="testLogo" time="0.050"/>
  <testcase classname="com.mylearnings.testngdataproviders.ParamTest" name="testTitle" time="0.010"/>
  <testcase classname="com.mylearnings.testngdataproviders.ParamTest" name="testURL" time="0.007"/>
</testsuite> <!-- com.mylearnings.testngdataproviders.ParamTest -->
