<?xml version="1.0" encoding="UTF-8"?>
<!-- Generated by org.testng.reporters.JUnitReportReporter -->
<testsuite hostname="PG01D3QX" failures="0" tests="3" name="com.mylearnings.testngexamples.LoginTests" time="0.012" errors="0" timestamp="2026-01-25T19:45:41 IST" skipped="0">
  <testcase classname="com.mylearnings.testngexamples.LoginTests" name="loginBygmail" time="0.010"/>
  <testcase classname="com.mylearnings.testngexamples.LoginTests" name="loginByFaceBook" time="0.001"/>
  <testcase classname="com.mylearnings.testngexamples.LoginTests" name="loginByTwitter" time="0.001"/>
</testsuite> <!-- com.mylearnings.testngexamples.LoginTests -->
