<?xml version="1.0" encoding="UTF-8"?>
<!-- Generated by org.testng.reporters.JUnitReportReporter -->
<testsuite hostname="PG01D3QX" failures="0" tests="6" name="com.mylearnings.testngdataproviders.ParamTest" time="0.130" errors="0" timestamp="2026-01-26T19:50:15 IST" skipped="0">
  <testcase classname="com.mylearnings.testngdataproviders.ParamTest" name="testLogo" time="0.041"/>
  <testcase classname="com.mylearnings.testngdataproviders.ParamTest" name="testLogo" time="0.051"/>
  <testcase classname="com.mylearnings.testngdataproviders.ParamTest" name="testTitle" time="0.012"/>
  <testcase classname="com.mylearnings.testngdataproviders.ParamTest" name="testTitle" time="0.007"/>
  <testcase classname="com.mylearnings.testngdataproviders.ParamTest" name="testURL" time="0.010"/>
  <testcase classname="com.mylearnings.testngdataproviders.ParamTest" name="testURL" time="0.009"/>
</testsuite> <!-- com.mylearnings.testngdataproviders.ParamTest -->
